<?xml version="1.0" encoding="UTF-8"?>
<testng-results ignored="0" total="1" passed="1" failed="0" skipped="0">
  <reporter-output>
  </reporter-output>
  <suite started-at="2023-06-12T01:22:23 IST" name="Default suite" finished-at="2023-06-12T01:22:51 IST" duration-ms="27631">
    <groups>
    </groups>
    <test started-at="2023-06-12T01:22:23 IST" name="Default test" finished-at="2023-06-12T01:22:51 IST" duration-ms="27631">
      <class name="ODINII.Adminpanel.Logintest">
        <test-method signature="basePageNavigation()[pri:0, instance:ODINII.Adminpanel.Logintest@6c1a5b54]" started-at="2023-06-12T01:22:23 IST" name="basePageNavigation" finished-at="2023-06-12T01:22:51 IST" duration-ms="27518" status="PASS">
          <reporter-output>
          </reporter-output>
        </test-method> <!-- basePageNavigation -->
      </class> <!-- ODINII.Adminpanel.Logintest -->
    </test> <!-- Default test -->
  </suite> <!-- Default suite -->
</testng-results>
