<?xml version="1.0" encoding="UTF-8"?>
<testng-results ignored="0" total="2" passed="2" failed="0" skipped="0">
  <reporter-output>
  </reporter-output>
  <suite started-at="2023-06-21T22:31:06 IST" name="Suite" finished-at="2023-06-21T22:32:49 IST" duration-ms="103749">
    <groups>
    </groups>
    <test started-at="2023-06-21T22:31:06 IST" name="Test" finished-at="2023-06-21T22:32:49 IST" duration-ms="103749">
      <class name="application.EditUserTest">
        <test-method signature="EditUser()[pri:0, instance:application.EditUserTest@53941c2f]" started-at="2023-06-21T22:32:25 IST" name="EditUser" finished-at="2023-06-21T22:32:49 IST" duration-ms="24443" status="PASS">
          <reporter-output>
          </reporter-output>
        </test-method> <!-- EditUser -->
      </class> <!-- application.EditUserTest -->
      <class name="application.Logintest">
        <test-method signature="basePageNavigation()[pri:0, instance:application.Logintest@13330ac6]" started-at="2023-06-21T22:31:06 IST" name="basePageNavigation" finished-at="2023-06-21T22:32:24 IST" duration-ms="78766" status="PASS">
          <reporter-output>
          </reporter-output>
        </test-method> <!-- basePageNavigation -->
      </class> <!-- application.Logintest -->
    </test> <!-- Test -->
  </suite> <!-- Suite -->
</testng-results>
